<?xml version="1.0" encoding="UTF-8"?>
<!-- Generated by org.testng.reporters.JUnitReportReporter -->
<testsuite hostname="DELL" name="Jenkins.JenkinsDemoJob" tests="1" failures="0" timestamp="5 Nov 2015 18:38:04 GMT" time="73.601" errors="0">
  <testcase name="Jenkinstest" time="73.601" classname="Jenkins.JenkinsDemoJob"/>
</testsuite> <!-- Jenkins.JenkinsDemoJob -->
