<?xml version="1.0" encoding="UTF-8"?>
<!-- Generated by org.testng.reporters.JUnitReportReporter -->
<testsuite hostname="DELL" name="Jenkins.JenkinsDemoJob" tests="1" failures="0" timestamp="15 Nov 2015 08:32:15 GMT" time="11.955" errors="0">
  <testcase name="Jenkinstest" time="11.955" classname="Jenkins.JenkinsDemoJob"/>
</testsuite> <!-- Jenkins.JenkinsDemoJob -->
